Unity Editor version:    2020.3.30f1 (1fb1bf06830e)
Branch:                  2020.3/staging
Build type:              Release
Batch mode:              YES
macOS version:           Version 12.0.1 (Build 21A559)
Darwin version:          21.1.0
Architecture:            x86_64
Running under Rosetta:   YES
Available memory:        16384 MB
Using pre-set license
Pro License: NO

COMMAND LINE ARGUMENTS:
/Applications/Unity/Hub/Editor/2020.3.30f1/Unity.app/Contents/MacOS/Unity
-adb2
-batchMode
-noUpm
-name
AssetImportWorker0
-projectPath
/Users/bogdankavun/Desktop/UnityProjects/SexShadows
-logFile
Logs/AssetImportWorker0.log
-srvPort
56501
Successfully changed project path to: /Users/bogdankavun/Desktop/UnityProjects/SexShadows
/Users/bogdankavun/Desktop/UnityProjects/SexShadows
Using Asset Import Pipeline V2.
Refreshing native plugins compatible for Editor in 41.71 ms, found 3 plugins.
Preloading 0 native plugins for Editor in 0.00 ms.
Initialize engine version: 2020.3.30f1 (1fb1bf06830e)
[Subsystems] Discovering subsystems at path /Applications/Unity/Hub/Editor/2020.3.30f1/Unity.app/Contents/Resources/UnitySubsystems
[Subsystems] Discovering subsystems at path /Users/bogdankavun/Desktop/UnityProjects/SexShadows/Assets
GfxDevice: creating device client; threaded=0
2022-03-19 16:16:25.327 Unity[6835:97515] (null) preferred device: Apple M1 (high power)
2022-03-19 16:16:25.327 Unity[6835:97515] Metal devices available: 1
2022-03-19 16:16:25.327 Unity[6835:97515] 0: Apple M1 (high power)
2022-03-19 16:16:25.327 Unity[6835:97515] Using device Apple M1 (high power)
Initializing Metal device caps: Apple M1
Initialize mono
Mono path[0] = '/Applications/Unity/Hub/Editor/2020.3.30f1/Unity.app/Contents/Managed'
Mono path[1] = '/Applications/Unity/Hub/Editor/2020.3.30f1/Unity.app/Contents/MonoBleedingEdge/lib/mono/unityjit'
Mono config path = '/Applications/Unity/Hub/Editor/2020.3.30f1/Unity.app/Contents/MonoBleedingEdge/etc'
Using monoOptions --debugger-agent=transport=dt_socket,embedding=1,server=y,suspend=n,address=127.0.0.1:56835
Begin MonoManager ReloadAssembly
Registering precompiled unity dll's ...
Register platform support module: /Applications/Unity/Hub/Editor/2020.3.30f1/PlaybackEngines/WebGLSupport/UnityEditor.WebGL.Extensions.dll
Register platform support module: /Applications/Unity/Hub/Editor/2020.3.30f1/Unity.app/Contents/PlaybackEngines/MacStandaloneSupport/UnityEditor.OSXStandalone.Extensions.dll
Registered in 0.002141 seconds.
Native extension for OSXStandalone target not found
Native extension for WebGL target not found
Refreshing native plugins compatible for Editor in 44.22 ms, found 3 plugins.
Preloading 0 native plugins for Editor in 0.00 ms.
Mono: successfully reloaded assembly
- Completed reload, in  1.203 seconds
Domain Reload Profiling:
	ReloadAssembly (1203ms)
		BeginReloadAssembly (103ms)
			ExecutionOrderSort (0ms)
			DisableScriptedObjects (0ms)
			BackupInstance (0ms)
			ReleaseScriptingObjects (0ms)
			CreateAndSetChildDomain (3ms)
		EndReloadAssembly (993ms)
			LoadAssemblies (101ms)
			RebuildTransferFunctionScriptingTraits (0ms)
			SetupTypeCache (162ms)
			ReleaseScriptCaches (0ms)
			RebuildScriptCaches (37ms)
			SetupLoadedEditorAssemblies (535ms)
				LogAssemblyErrors (0ms)
				InitializePlatformSupportModulesInManaged (12ms)
				SetLoadedEditorAssemblies (1ms)
				RefreshPlugins (44ms)
				BeforeProcessingInitializeOnLoad (85ms)
				ProcessInitializeOnLoadAttributes (297ms)
				ProcessInitializeOnLoadMethodAttributes (95ms)
				AfterProcessingInitializeOnLoad (0ms)
				EditorAssembliesLoaded (1ms)
			ExecutionOrderSort2 (0ms)
			AwakeInstancesAfterBackupRestoration (0ms)
Platform modules already initialized, skipping
Registering precompiled user dll's ...
Registered in 0.002517 seconds.
Begin MonoManager ReloadAssembly
Native extension for OSXStandalone target not found
Native extension for WebGL target not found
Refreshing native plugins compatible for Editor in 42.80 ms, found 3 plugins.
Preloading 0 native plugins for Editor in 0.00 ms.
Mono: successfully reloaded assembly
- Completed reload, in  2.142 seconds
Domain Reload Profiling:
	ReloadAssembly (2144ms)
		BeginReloadAssembly (243ms)
			ExecutionOrderSort (0ms)
			DisableScriptedObjects (33ms)
			BackupInstance (0ms)
			ReleaseScriptingObjects (0ms)
			CreateAndSetChildDomain (30ms)
		EndReloadAssembly (1817ms)
			LoadAssemblies (187ms)
			RebuildTransferFunctionScriptingTraits (0ms)
			SetupTypeCache (310ms)
			ReleaseScriptCaches (0ms)
			RebuildScriptCaches (52ms)
			SetupLoadedEditorAssemblies (988ms)
				LogAssemblyErrors (0ms)
				InitializePlatformSupportModulesInManaged (11ms)
				SetLoadedEditorAssemblies (1ms)
				RefreshPlugins (43ms)
				BeforeProcessingInitializeOnLoad (166ms)
				ProcessInitializeOnLoadAttributes (720ms)
				ProcessInitializeOnLoadMethodAttributes (46ms)
				AfterProcessingInitializeOnLoad (1ms)
				EditorAssembliesLoaded (0ms)
			ExecutionOrderSort2 (0ms)
			AwakeInstancesAfterBackupRestoration (29ms)
Platform modules already initialized, skipping
Validating Project structure ... 0.000544 seconds.
Shader import version has changed; will reimport all shaders...
Upgrading shader files ...0.000312 seconds.
Application.AssetDatabase Initial Script Refresh Start
RefreshInfo: InitialScriptRefreshV2(NoUpdateAssetOptions) scanfilter:  ... 1 filters
RefreshProfiler: Total: 0.000ms
Application.AssetDatabase Initial Script Refresh End
Application.AssetDatabase.Refresh Start
Application.AssetDatabase.Refresh End
RefreshInfo: StopAssetImportingV2(ForceSynchronousImport) scanfilter: 
RefreshProfiler: Total: 0.000ms
Launching external process: /Applications/Unity/Hub/Editor/2020.3.30f1/Unity.app/Contents/Tools/UnityShaderCompiler
Launched and connected shader compiler UnityShaderCompiler after 0.02 seconds
Initializing Unity extensions:
2022-03-19 16:16:29.854 Unity[6835:97515] NSEventModifierFlagFunction specified to -setKeyEquivalentModifierMask: for item <NSMenuItem: 0x6000003a33a0 Font Asset, ke='Command-F12'>, but is only supported for system-provided menu items; will not be used
2022-03-19 16:16:29.857 Unity[6835:97515] NSEventModifierFlagFunction specified to -setKeyEquivalentModifierMask: for item <NSMenuItem: 0x6000003b4930 Font Asset, ke='Command-F12'>, but is only supported for system-provided menu items; will not be used
========================================================================
Worker process is ready to serve import requests
Refreshing native plugins compatible for Editor in 0.46 ms, found 3 plugins.
Preloading 0 native plugins for Editor in 0.00 ms.
Unloading 2201 Unused Serialized files (Serialized files now loaded: 0)
System memory in use before: 259.1 MB.
System memory in use after: 258.8 MB.

Unloading 103 unused Assets to reduce memory usage. Loaded Objects now: 2686.
Total: 2.675834 ms (FindLiveObjects: 0.109792 ms CreateObjectMapping: 0.048167 ms MarkObjects: 2.283084 ms  DeleteObjects: 0.233750 ms)

AssetImportParameters requested are different than current active one (requested -> active):
  custom:video-decoder-ogg-theora: a1e56fd34408186e4bbccfd4996cb3dc -> 
  custom:container-muxer-webm: aa71ff27fc2769a1b78a27578f13a17b -> 
  custom:container-demuxer-webm: 4f35f7cbe854078d1ac9338744f61a02 -> 
  custom:container-demuxer-ogg: 62fdf1f143b41e24485cea50d1cbac27 -> 
  custom:video-encoder-webm-vp8: eb34c28f22e8b96e1ab97ce403110664 -> 
  custom:framework-osx-AVFoundation: e770b220cccbd017edd2c1fefb359320 -> 
  custom:video-decoder-webm-vp8: 9c59270c3fd7afecdb556c50c9e8de78 -> 
  custom:audio-decoder-ogg-vorbis: bf7c407c2cedff20999df2af8eb42d56 -> 
  custom:audio-encoder-webm-vorbis: bf7c407c2cedff20999df2af8eb42d56 -> 
========================================================================
Received Import Request.
  path: Assets/Sprites/mr.Dick layers (1).psb
  artifactKey: Guid(e8dc94279da854e509fdab93d0c0dd97) Importer(815301076,1909f56bfc062723c751e8b465ee728b)
Start importing Assets/Sprites/mr.Dick layers (1).psb using Guid(e8dc94279da854e509fdab93d0c0dd97) Importer(815301076,1909f56bfc062723c751e8b465ee728b)  -> (artifact id: 'ef7328c05b5659589650b1af92b17f37') in 0.733687 seconds 
========================================================================
Received Import Request.
  Time since last request: 95.113154 seconds.
  path: Assets/Sprites/mr.Dick layers (1).psb
  artifactKey: Guid(e8dc94279da854e509fdab93d0c0dd97) Importer(815301076,1909f56bfc062723c751e8b465ee728b)
Start importing Assets/Sprites/mr.Dick layers (1).psb using Guid(e8dc94279da854e509fdab93d0c0dd97) Importer(815301076,1909f56bfc062723c751e8b465ee728b)  -> (artifact id: '6613b05ddc6569fa05fd63e35173cbea') in 0.151767 seconds 
========================================================================
Received Import Request.
  Time since last request: 187.524031 seconds.
  path: Assets/Sprites/mr.Dick layers (1).psb
  artifactKey: Guid(e8dc94279da854e509fdab93d0c0dd97) Importer(815301076,1909f56bfc062723c751e8b465ee728b)
Start importing Assets/Sprites/mr.Dick layers (1).psb using Guid(e8dc94279da854e509fdab93d0c0dd97) Importer(815301076,1909f56bfc062723c751e8b465ee728b)  -> (artifact id: '8253fc115e2ccf783fe278508fd81ff1') in 0.175482 seconds 
========================================================================
Received Import Request.
  Time since last request: 10314.469989 seconds.
  path: Assets/Sprites/MrDick.psb
  artifactKey: Guid(e8dc94279da854e509fdab93d0c0dd97) Importer(815301076,1909f56bfc062723c751e8b465ee728b)
Start importing Assets/Sprites/MrDick.psb using Guid(e8dc94279da854e509fdab93d0c0dd97) Importer(815301076,1909f56bfc062723c751e8b465ee728b)  -> (artifact id: '231e88853c68d97ad75980274d8d2771') in 0.131848 seconds 
========================================================================
Received Import Request.
  Time since last request: 937.366025 seconds.
  path: Assets/Sprites/MrDick.psb
  artifactKey: Guid(e8dc94279da854e509fdab93d0c0dd97) Importer(815301076,1909f56bfc062723c751e8b465ee728b)
Start importing Assets/Sprites/MrDick.psb using Guid(e8dc94279da854e509fdab93d0c0dd97) Importer(815301076,1909f56bfc062723c751e8b465ee728b)  -> (artifact id: 'be1b7a85ff4958a10853abe922237a3b') in 0.150057 seconds 
========================================================================
Received Import Request.
  Time since last request: 20.138074 seconds.
  path: Assets/Sprites/MrDick.psb
  artifactKey: Guid(e8dc94279da854e509fdab93d0c0dd97) Importer(815301076,1909f56bfc062723c751e8b465ee728b)
Start importing Assets/Sprites/MrDick.psb using Guid(e8dc94279da854e509fdab93d0c0dd97) Importer(815301076,1909f56bfc062723c751e8b465ee728b)  -> (artifact id: '94d5637c8ed9ff7973cf19fa98ce1b8d') in 0.128167 seconds 
========================================================================
Received Import Request.
  Time since last request: 84313.971500 seconds.
  path: Assets/Sprites/MrDick.psb
  artifactKey: Guid(e8dc94279da854e509fdab93d0c0dd97) Importer(815301076,1909f56bfc062723c751e8b465ee728b)
Start importing Assets/Sprites/MrDick.psb using Guid(e8dc94279da854e509fdab93d0c0dd97) Importer(815301076,1909f56bfc062723c751e8b465ee728b)  -> (artifact id: '58d9755def4e0cdf2d78c3359de6d114') in 0.160612 seconds 
========================================================================
Received Import Request.
  Time since last request: 173.641885 seconds.
  path: Assets/Sprites/MrDick.psb
  artifactKey: Guid(e8dc94279da854e509fdab93d0c0dd97) Importer(815301076,1909f56bfc062723c751e8b465ee728b)
Start importing Assets/Sprites/MrDick.psb using Guid(e8dc94279da854e509fdab93d0c0dd97) Importer(815301076,1909f56bfc062723c751e8b465ee728b)  -> (artifact id: 'b00670f43453372edb038327175a5358') in 0.134316 seconds 
========================================================================
Received Import Request.
  Time since last request: 453.630924 seconds.
  path: Assets/Sprites/MrDick.psb
  artifactKey: Guid(e8dc94279da854e509fdab93d0c0dd97) Importer(815301076,1909f56bfc062723c751e8b465ee728b)
Start importing Assets/Sprites/MrDick.psb using Guid(e8dc94279da854e509fdab93d0c0dd97) Importer(815301076,1909f56bfc062723c751e8b465ee728b)  -> (artifact id: 'c5434636c48ec7cdd0dfe2b05ae36a90') in 0.183376 seconds 
========================================================================
Received Import Request.
  Time since last request: 878.060906 seconds.
  path: Assets/Sprites/MrDick.psb
  artifactKey: Guid(e8dc94279da854e509fdab93d0c0dd97) Importer(815301076,1909f56bfc062723c751e8b465ee728b)
Start importing Assets/Sprites/MrDick.psb using Guid(e8dc94279da854e509fdab93d0c0dd97) Importer(815301076,1909f56bfc062723c751e8b465ee728b)  -> (artifact id: 'b800801fefdc680e44d70447022033e7') in 0.144670 seconds 
========================================================================
Received Import Request.
  Time since last request: 886.263882 seconds.
  path: Assets/Sprites/MrDick.psb
  artifactKey: Guid(e8dc94279da854e509fdab93d0c0dd97) Importer(815301076,1909f56bfc062723c751e8b465ee728b)
Start importing Assets/Sprites/MrDick.psb using Guid(e8dc94279da854e509fdab93d0c0dd97) Importer(815301076,1909f56bfc062723c751e8b465ee728b)  -> (artifact id: 'b9592f776adb0db198672a65547cad0f') in 0.160998 seconds 
========================================================================
Received Import Request.
  Time since last request: 107.939593 seconds.
  path: Assets/Sprites/MrDick.psb
  artifactKey: Guid(e8dc94279da854e509fdab93d0c0dd97) Importer(815301076,1909f56bfc062723c751e8b465ee728b)
Start importing Assets/Sprites/MrDick.psb using Guid(e8dc94279da854e509fdab93d0c0dd97) Importer(815301076,1909f56bfc062723c751e8b465ee728b)  -> (artifact id: 'f5dd30b1977b6f9643cf1382952fab25') in 0.159976 seconds 
========================================================================
Received Import Request.
  Time since last request: 101.880781 seconds.
  path: Assets/Sprites/MrDick.psb
  artifactKey: Guid(e8dc94279da854e509fdab93d0c0dd97) Importer(815301076,1909f56bfc062723c751e8b465ee728b)
Start importing Assets/Sprites/MrDick.psb using Guid(e8dc94279da854e509fdab93d0c0dd97) Importer(815301076,1909f56bfc062723c751e8b465ee728b)  -> (artifact id: 'c2374b468dd378ef107f37798f40f6e1') in 0.148494 seconds 
